<?xml version="1.0" encoding="UTF-8"?>
<testsuite xmlns:xsi="http://www.w3.org/2001/XMLSchema-instance" xsi:noNamespaceSchemaLocation="https://maven.apache.org/surefire/maven-surefire-plugin/xsd/surefire-test-report-3.0.xsd" version="3.0" name="apiRunner.API_Test_Runner" time="20.646" tests="40" errors="0" skipped="0" failures="0">
  <properties>
[...]
</properties>
  <testcase name="User has an invalid or no API key" classname="Unauthorized user is restricted from getting weather information with longitude and latitude" time="0.002">
    <system-out><![CDATA[
@APITest @WeatherByInvalidOrMissingAPIKey
Scenario Outline: Unauthorized user is restricted from getting weather information with longitude and latitude # src/test/resources/apiTests/NegativeTests.feature:13
]]></system-out>
  </testcase>
  <testcase name="user requests current weather data for a 35 and 139" classname="Unauthorized user is restricted from getting weather information with longitude and latitude" time="11.004">
    <system-out><![CDATA[  Given User has an invalid or no API key                                                                      # apiStepDefinitions.Steps.userHasAnInvalidOrNoAPIKey()
]]></system-out>
  </testcase>
  <testcase name="error message &quot;Invalid API key&quot; with error code 401  is retrieved" classname="Unauthorized user is restricted from getting weather information with longitude and latitude" time="2.107">
    <system-out><![CDATA[  When user requests current weather data for a 35 and 139                                                     # apiStepDefinitions.Steps.requestsCurrentWeatherDataForALatitudeAndLongitude(java.lang.Integer,java.lang.Integer)
]]></system-out>
  </testcase>
  <testcase name="" classname="Unauthorized user is restricted from getting weather information with longitude and latitude" time="2.201">
    <system-out><![CDATA[  Then error message "Invalid API key" with error code 401  is retrieved                                       # apiStepDefinitions.Steps.error_messageWithErrorCodeIsRetrieved(java.lang.String,java.lang.Integer)
]]></system-out>
  </testcase>
  <testcase name="User has an API key" classname="Authorized user is restricted from getting weather information with only latitude" time="0">
    <system-out><![CDATA[
@APITest @WeatherByLatitudeOnly
Scenario Outline: Authorized user is restricted from getting weather information with only latitude # src/test/resources/apiTests/NegativeTests.feature:24
]]></system-out>
  </testcase>
  <testcase name="user requests current weather data by passing only 35" classname="Authorized user is restricted from getting weather information with only latitude" time="0.448">
    <system-out><![CDATA[  Given User has an API key                                                                         # apiStepDefinitions.Steps.userHasAnAPIKey()
]]></system-out>
  </testcase>
  <testcase name="error message &quot;Nothing to geocode&quot; with error code 400  is retrieved" classname="Authorized user is restricted from getting weather information with only latitude" time="0.011">
    <system-out><![CDATA[  When user requests current weather data by passing only 35                                        # apiStepDefinitions.Steps.requestsCurrentWeatherDataByPassingOnlyLatitude(java.lang.Integer)
]]></system-out>
  </testcase>
  <testcase name="" classname="Authorized user is restricted from getting weather information with only latitude" time="0.056">
    <system-out><![CDATA[  Then error message "Nothing to geocode" with error code 400  is retrieved                         # apiStepDefinitions.Steps.error_messageWithErrorCodeIsRetrieved(java.lang.String,java.lang.Integer)
]]></system-out>
  </testcase>
  <testcase name="User has an API key" classname="Authorized user is restricted from getting weather information with an invalid zip or country code" time="0">
    <system-out><![CDATA[
@APITest @WeatherByInvalidZipCodeOrCountryCode
Scenario Outline: Authorized user is restricted from getting weather information with an invalid zip or country code # src/test/resources/apiTests/NegativeTests.feature:34
]]></system-out>
  </testcase>
  <testcase name="user requests current weather data for a 909090 and &quot;IN&quot;" classname="Authorized user is restricted from getting weather information with an invalid zip or country code" time="0.852">
    <system-out><![CDATA[  Given User has an API key                                                                                          # apiStepDefinitions.Steps.userHasAnAPIKey()
]]></system-out>
  </testcase>
  <testcase name="error message &quot;city not found&quot; with error code 404  is retrieved" classname="Authorized user is restricted from getting weather information with an invalid zip or country code" time="0.003">
    <system-out><![CDATA[  When user requests current weather data for a 909090 and "IN"                                                      # apiStepDefinitions.Steps.requestsCurrentWeatherDataForAZipCodeAndCountryCode(java.lang.Integer,java.lang.String)
]]></system-out>
  </testcase>
  <testcase name="" classname="Authorized user is restricted from getting weather information with an invalid zip or country code" time="0.081">
    <system-out><![CDATA[  Then error message "city not found" with error code 404  is retrieved                                              # apiStepDefinitions.Steps.error_messageWithErrorCodeIsRetrieved(java.lang.String,java.lang.Integer)
]]></system-out>
  </testcase>
  <testcase name="User has an API key" classname="Authorized user is restricted from getting weather information with an invalid city name" time="0">
    <system-out><![CDATA[
@APITest @WeatherByInvalidCityName
Scenario Outline: Authorized user is restricted from getting weather information with an invalid city name # src/test/resources/apiTests/NegativeTests.feature:44
]]></system-out>
  </testcase>
  <testcase name="user requests current weather data for a &quot;Invalid city&quot;" classname="Authorized user is restricted from getting weather information with an invalid city name" time="0.778">
    <system-out><![CDATA[  Given User has an API key                                                                                # apiStepDefinitions.Steps.userHasAnAPIKey()
]]></system-out>
  </testcase>
  <testcase name="error message &quot;city not found&quot; with error code 404  is retrieved" classname="Authorized user is restricted from getting weather information with an invalid city name" time="0.023">
    <system-out><![CDATA[  When user requests current weather data for a "Invalid city"                                             # apiStepDefinitions.Steps.requestsCurrentWeatherDataForACity(java.lang.String)
]]></system-out>
  </testcase>
  <testcase name="" classname="Authorized user is restricted from getting weather information with an invalid city name" time="0.048">
    <system-out><![CDATA[  Then error message "city not found" with error code 404  is retrieved                                    # apiStepDefinitions.Steps.error_messageWithErrorCodeIsRetrieved(java.lang.String,java.lang.Integer)
]]></system-out>
  </testcase>
  <testcase name="User has an API key" classname="Authorized user is restricted from getting weather information with an invalid city ID" time="0">
    <system-out><![CDATA[
@APITest @WeatherByInvalidCityId
Scenario Outline: Authorized user is restricted from getting weather information with an invalid city ID # src/test/resources/apiTests/NegativeTests.feature:54
]]></system-out>
  </testcase>
  <testcase name="user requests current weather data for a 010" classname="Authorized user is restricted from getting weather information with an invalid city ID" time="0.438">
    <system-out><![CDATA[  Given User has an API key                                                                              # apiStepDefinitions.Steps.userHasAnAPIKey()
]]></system-out>
  </testcase>
  <testcase name="error message &quot;city not found&quot; with error code 404  is retrieved" classname="Authorized user is restricted from getting weather information with an invalid city ID" time="0.009">
    <system-out><![CDATA[  When user requests current weather data for a 010                                                      # apiStepDefinitions.Steps.requestsCurrentWeatherDataForACity(java.lang.Integer)
]]></system-out>
  </testcase>
  <testcase name="" classname="Authorized user is restricted from getting weather information with an invalid city ID" time="0.065">
    <system-out><![CDATA[  Then error message "city not found" with error code 404  is retrieved                                  # apiStepDefinitions.Steps.error_messageWithErrorCodeIsRetrieved(java.lang.String,java.lang.Integer)
]]></system-out>
  </testcase>
  <testcase name="User has an API key" classname="Authorized user is able to get current weather information with longitude and latitude" time="0">
    <system-out><![CDATA[
@WeatherByLatitudeLongitude
Scenario Outline: Authorized user is able to get current weather information with longitude and latitude # src/test/resources/apiTests/PositiveTests.feature:11
]]></system-out>
  </testcase>
  <testcase name="user requests current weather data for a 35 and 139" classname="Authorized user is able to get current weather information with longitude and latitude" time="0.39">
    <system-out><![CDATA[  Given User has an API key                                                                              # apiStepDefinitions.Steps.userHasAnAPIKey()
]]></system-out>
  </testcase>
  <testcase name="relevant weather data is retrieved" classname="Authorized user is able to get current weather information with longitude and latitude" time="0.134">
    <system-out><![CDATA[  When user requests current weather data for a 35 and 139                                               # apiStepDefinitions.Steps.requestsCurrentWeatherDataForALatitudeAndLongitude(java.lang.Integer,java.lang.Integer)
]]></system-out>
  </testcase>
  <testcase name="" classname="Authorized user is able to get current weather information with longitude and latitude" time="0.145">
    <system-out><![CDATA[  Then relevant weather data is retrieved                                                                # apiStepDefinitions.Steps.relevantWeatherDataIsRetrieved()
]]></system-out>
  </testcase>
  <testcase name="User has an API key" classname="Authorized user is able to get current weather information with a valid city name" time="0.001">
    <system-out><![CDATA[
@WeatherByCityName
Scenario Outline: Authorized user is able to get current weather information with a valid city name # src/test/resources/apiTests/PositiveTests.feature:21
]]></system-out>
  </testcase>
  <testcase name="user requests current weather data for a &quot;London&quot;" classname="Authorized user is able to get current weather information with a valid city name" time="0.427">
    <system-out><![CDATA[  Given User has an API key                                                                         # apiStepDefinitions.Steps.userHasAnAPIKey()
]]></system-out>
  </testcase>
  <testcase name="relevant weather data is retrieved matching the city" classname="Authorized user is able to get current weather information with a valid city name" time="0.001">
    <system-out><![CDATA[  When user requests current weather data for a "London"                                            # apiStepDefinitions.Steps.requestsCurrentWeatherDataForACity(java.lang.String)
]]></system-out>
  </testcase>
  <testcase name="" classname="Authorized user is able to get current weather information with a valid city name" time="0.012">
    <system-out><![CDATA[  Then relevant weather data is retrieved matching the city                                         # apiStepDefinitions.Steps.relevantWeatherDataIsRetrievedMatchingTheCity()
]]></system-out>
  </testcase>
  <testcase name="User has an API key" classname="Authorized user is able to get current weather information with a valid city name and country code" time="0">
    <system-out><![CDATA[
@WeatherByCityNameAndCountryCode
Scenario Outline: Authorized user is able to get current weather information with a valid city name and country code # src/test/resources/apiTests/PositiveTests.feature:31
]]></system-out>
  </testcase>
  <testcase name="user requests current weather data for a &quot;London&quot; and &quot;GB&quot;" classname="Authorized user is able to get current weather information with a valid city name and country code" time="0.489">
    <system-out><![CDATA[  Given User has an API key                                                                                          # apiStepDefinitions.Steps.userHasAnAPIKey()
]]></system-out>
  </testcase>
  <testcase name="relevant weather data is retrieved matching the city and country code" classname="Authorized user is able to get current weather information with a valid city name and country code" time="0.008">
    <system-out><![CDATA[  When user requests current weather data for a "London" and "GB"                                                    # apiStepDefinitions.Steps.requestsCurrentWeatherDataForACityAndCountryCode(java.lang.String,java.lang.String)
]]></system-out>
  </testcase>
  <testcase name="" classname="Authorized user is able to get current weather information with a valid city name and country code" time="0.042">
    <system-out><![CDATA[  Then relevant weather data is retrieved matching the city and country code                                         # apiStepDefinitions.Steps.relevantWeatherDataIsRetrievedMatchingTheCityAndCountryCode()
]]></system-out>
  </testcase>
  <testcase name="User has an API key" classname="Authorized user is able to get current weather information with a valid zip and country code" time="0">
    <system-out><![CDATA[
@WeatherByZipCodeAndCountryCode
Scenario Outline: Authorized user is able to get current weather information with a valid zip and country code # src/test/resources/apiTests/PositiveTests.feature:41
]]></system-out>
  </testcase>
  <testcase name="user requests current weather data for a 560079 and &quot;IN&quot;" classname="Authorized user is able to get current weather information with a valid zip and country code" time="0.553">
    <system-out><![CDATA[  Given User has an API key                                                                                    # apiStepDefinitions.Steps.userHasAnAPIKey()
]]></system-out>
  </testcase>
  <testcase name="relevant weather data is retrieved matching the zip and country code" classname="Authorized user is able to get current weather information with a valid zip and country code" time="0">
    <system-out><![CDATA[  When user requests current weather data for a 560079 and "IN"                                                # apiStepDefinitions.Steps.requestsCurrentWeatherDataForAZipCodeAndCountryCode(java.lang.Integer,java.lang.String)
]]></system-out>
  </testcase>
  <testcase name="" classname="Authorized user is able to get current weather information with a valid zip and country code" time="0.015">
    <system-out><![CDATA[  Then relevant weather data is retrieved matching the zip and country code                                    # apiStepDefinitions.Steps.relevantWeatherDataIsRetrievedMatchingTheZipAndCountryCode()
]]></system-out>
  </testcase>
  <testcase name="User has an API key" classname="Authorized user is able to get current weather information with a valid city ID" time="0">
    <system-out><![CDATA[
@WeatherByCityId
Scenario Outline: Authorized user is able to get current weather information with a valid city ID # src/test/resources/apiTests/PositiveTests.feature:51
]]></system-out>
  </testcase>
  <testcase name="user requests current weather data for a 2172797" classname="Authorized user is able to get current weather information with a valid city ID" time="0.353">
    <system-out><![CDATA[  Given User has an API key                                                                       # apiStepDefinitions.Steps.userHasAnAPIKey()
]]></system-out>
  </testcase>
  <testcase name="relevant weather data is retrieved matching the city id" classname="Authorized user is able to get current weather information with a valid city ID" time="0.005">
    <system-out><![CDATA[  When user requests current weather data for a 2172797                                           # apiStepDefinitions.Steps.requestsCurrentWeatherDataForACity(java.lang.Integer)
]]></system-out>
  </testcase>
  <testcase name="" classname="Authorized user is able to get current weather information with a valid city ID" time="0.027">
    <system-out><![CDATA[  Then relevant weather data is retrieved matching the city id                                    # apiStepDefinitions.Steps.relevantWeatherDataIsRetrievedMatchingTheCityId()
]]></system-out>
  </testcase>
</testsuite>