<?xml version="1.0" encoding="UTF-8"?>
<testsuite xmlns:xsi="http://www.w3.org/2001/XMLSchema-instance" xsi:noNamespaceSchemaLocation="https://maven.apache.org/surefire/maven-surefire-plugin/xsd/surefire-test-report-3.0.xsd" version="3.0" name="apiRunner.API_Test_Runner2" time="5.597" tests="40" errors="0" skipped="0" failures="0">
  <properties>
[...]
</properties>
  <testcase name="User has an invalid or no API key" classname="Unauthorized user is restricted from getting weather information with longitude and latitude" time="0">
    <system-out><![CDATA[
@WeatherByInvalidOrMissingAPIKey
Scenario Outline: Unauthorized user is restricted from getting weather information with longitude and latitude # src/test/resources/apiTests/Negative_Tests.feature:12
]]></system-out>
  </testcase>
  <testcase name="requests current weather data for a 35 and 139" classname="Unauthorized user is restricted from getting weather information with longitude and latitude" time="0.35">
    <system-out><![CDATA[  Given User has an invalid or no API key                                                                      # apiStepDefinitions.Steps.user_has_an_invalid_or_no_API_key()
]]></system-out>
  </testcase>
  <testcase name="relevant error message is retrieved" classname="Unauthorized user is restricted from getting weather information with longitude and latitude" time="0.025">
    <system-out><![CDATA[  When requests current weather data for a 35 and 139                                                          # apiStepDefinitions.Steps.requests_current_weather_data_for_a_latitude_and_longitude(java.lang.Integer,java.lang.Integer)
]]></system-out>
  </testcase>
  <testcase name="" classname="Unauthorized user is restricted from getting weather information with longitude and latitude" time="0.052">
    <system-out><![CDATA[  Then relevant error message is retrieved                                                                     # apiStepDefinitions.Steps.relevant_error_message_is_retrieved()
]]></system-out>
  </testcase>
  <testcase name="User has an API key" classname="Authorized user is restricted from getting weather information with only latitude" time="0">
    <system-out><![CDATA[
@WeatherByLatitudeOnly
Scenario Outline: Authorized user is restricted from getting weather information with only latitude # src/test/resources/apiTests/Negative_Tests.feature:23
]]></system-out>
  </testcase>
  <testcase name="requests current weather data by passing only 35" classname="Authorized user is restricted from getting weather information with only latitude" time="0.452">
    <system-out><![CDATA[  Given User has an API key                                                                         # apiStepDefinitions.Steps.user_has_an_API_key()
]]></system-out>
  </testcase>
  <testcase name="relevant error message is retrieved" classname="Authorized user is restricted from getting weather information with only latitude" time="0.044">
    <system-out><![CDATA[  When requests current weather data by passing only 35                                             # apiStepDefinitions.Steps.requests_current_weather_data_by_passing_only(java.lang.Integer)
]]></system-out>
  </testcase>
  <testcase name="" classname="Authorized user is restricted from getting weather information with only latitude" time="0.058">
    <system-out><![CDATA[  Then relevant error message is retrieved                                                          # apiStepDefinitions.Steps.relevant_error_message_is_retrieved()
]]></system-out>
  </testcase>
  <testcase name="User has an API key" classname="Authorized user is restricted from getting weather information with an invalid zip or country code" time="0">
    <system-out><![CDATA[
@WeatherByInvalidZipCodeOrCountryCode
Scenario Outline: Authorized user is restricted from getting weather information with an invalid zip or country code # src/test/resources/apiTests/Negative_Tests.feature:33
]]></system-out>
  </testcase>
  <testcase name="requests current weather data for a 909090 and &quot;IN&quot;" classname="Authorized user is restricted from getting weather information with an invalid zip or country code" time="0.437">
    <system-out><![CDATA[  Given User has an API key                                                                                          # apiStepDefinitions.Steps.user_has_an_API_key()
]]></system-out>
  </testcase>
  <testcase name="relevant error message is retrieved" classname="Authorized user is restricted from getting weather information with an invalid zip or country code" time="0.042">
    <system-out><![CDATA[  When requests current weather data for a 909090 and "IN"                                                           # apiStepDefinitions.Steps.requests_current_weather_data_for_a_and(java.lang.Integer,java.lang.String)
]]></system-out>
  </testcase>
  <testcase name="" classname="Authorized user is restricted from getting weather information with an invalid zip or country code" time="0.067">
    <system-out><![CDATA[  Then relevant error message is retrieved                                                                           # apiStepDefinitions.Steps.relevant_error_message_is_retrieved()
]]></system-out>
  </testcase>
  <testcase name="User has an API key" classname="Authorized user is restricted from getting weather information with an invalid city name" time="0">
    <system-out><![CDATA[
@WeatherByInvalidCityName
Scenario Outline: Authorized user is restricted from getting weather information with an invalid city name # src/test/resources/apiTests/Negative_Tests.feature:43
]]></system-out>
  </testcase>
  <testcase name="requests current weather data for a &quot;Invalid city&quot;" classname="Authorized user is restricted from getting weather information with an invalid city name" time="0.446">
    <system-out><![CDATA[  Given User has an API key                                                                                # apiStepDefinitions.Steps.user_has_an_API_key()
]]></system-out>
  </testcase>
  <testcase name="relevant error message is retrieved" classname="Authorized user is restricted from getting weather information with an invalid city name" time="0.057">
    <system-out><![CDATA[  When requests current weather data for a "Invalid city"                                                  # apiStepDefinitions.Steps.requests_current_weather_data_for_a_London(java.lang.String)
]]></system-out>
  </testcase>
  <testcase name="" classname="Authorized user is restricted from getting weather information with an invalid city name" time="0.114">
    <system-out><![CDATA[  Then relevant error message is retrieved                                                                 # apiStepDefinitions.Steps.relevant_error_message_is_retrieved()
]]></system-out>
  </testcase>
  <testcase name="User has an API key" classname="Authorized user is restricted from getting weather information with an invalid city ID" time="0">
    <system-out><![CDATA[
@WeatherByInvalidCityId
Scenario Outline: Authorized user is restricted from getting weather information with an invalid city ID # src/test/resources/apiTests/Negative_Tests.feature:53
]]></system-out>
  </testcase>
  <testcase name="requests current weather data for a 010" classname="Authorized user is restricted from getting weather information with an invalid city ID" time="0.445">
    <system-out><![CDATA[  Given User has an API key                                                                              # apiStepDefinitions.Steps.user_has_an_API_key()
]]></system-out>
  </testcase>
  <testcase name="relevant error message is retrieved" classname="Authorized user is restricted from getting weather information with an invalid city ID" time="0.028">
    <system-out><![CDATA[  When requests current weather data for a 010                                                           # apiStepDefinitions.Steps.requests_current_weather_data_for_a(java.lang.Integer)
]]></system-out>
  </testcase>
  <testcase name="" classname="Authorized user is restricted from getting weather information with an invalid city ID" time="0.038">
    <system-out><![CDATA[  Then relevant error message is retrieved                                                               # apiStepDefinitions.Steps.relevant_error_message_is_retrieved()
]]></system-out>
  </testcase>
  <testcase name="User has an API key" classname="Authorized user is able to get current weather information with longitude and latitude" time="0">
    <system-out><![CDATA[
@WeatherByLatitudeLongitude
Scenario Outline: Authorized user is able to get current weather information with longitude and latitude # src/test/resources/apiTests/Positive_Tests.feature:11
]]></system-out>
  </testcase>
  <testcase name="requests current weather data for a 35 and 139" classname="Authorized user is able to get current weather information with longitude and latitude" time="0.555">
    <system-out><![CDATA[  Given User has an API key                                                                              # apiStepDefinitions.Steps.user_has_an_API_key()
]]></system-out>
  </testcase>
  <testcase name="relevant weather data is retrieved" classname="Authorized user is able to get current weather information with longitude and latitude" time="0">
    <system-out><![CDATA[  When requests current weather data for a 35 and 139                                                    # apiStepDefinitions.Steps.requests_current_weather_data_for_a_latitude_and_longitude(java.lang.Integer,java.lang.Integer)
]]></system-out>
  </testcase>
  <testcase name="" classname="Authorized user is able to get current weather information with longitude and latitude" time="0.013">
    <system-out><![CDATA[  Then relevant weather data is retrieved                                                                # apiStepDefinitions.Steps.relevant_weather_data_is_retrieved()
]]></system-out>
  </testcase>
  <testcase name="User has an API key" classname="Authorized user is able to get current weather information with a valid city name" time="0.001">
    <system-out><![CDATA[
@WeatherByCityName
Scenario Outline: Authorized user is able to get current weather information with a valid city name # src/test/resources/apiTests/Positive_Tests.feature:21
]]></system-out>
  </testcase>
  <testcase name="requests current weather data for a &quot;London&quot;" classname="Authorized user is able to get current weather information with a valid city name" time="0.408">
    <system-out><![CDATA[  Given User has an API key                                                                         # apiStepDefinitions.Steps.user_has_an_API_key()
]]></system-out>
  </testcase>
  <testcase name="relevant weather data is retrieved matching the city" classname="Authorized user is able to get current weather information with a valid city name" time="0.003">
    <system-out><![CDATA[  When requests current weather data for a "London"                                                 # apiStepDefinitions.Steps.requests_current_weather_data_for_a_London(java.lang.String)
]]></system-out>
  </testcase>
  <testcase name="" classname="Authorized user is able to get current weather information with a valid city name" time="0.038">
    <system-out><![CDATA[  Then relevant weather data is retrieved matching the city                                         # apiStepDefinitions.Steps.relevant_weather_data_is_retrieved_matching_the_city()
]]></system-out>
  </testcase>
  <testcase name="User has an API key" classname="Authorized user is able to get current weather information with a valid city name and country code" time="0">
    <system-out><![CDATA[
@WeatherByCityNameAndCountryCode
Scenario Outline: Authorized user is able to get current weather information with a valid city name and country code # src/test/resources/apiTests/Positive_Tests.feature:31
]]></system-out>
  </testcase>
  <testcase name="requests current weather data for a &quot;London&quot; and &quot;GB&quot;" classname="Authorized user is able to get current weather information with a valid city name and country code" time="0.465">
    <system-out><![CDATA[  Given User has an API key                                                                                          # apiStepDefinitions.Steps.user_has_an_API_key()
]]></system-out>
  </testcase>
  <testcase name="relevant weather data is retrieved matching the city and country code" classname="Authorized user is able to get current weather information with a valid city name and country code" time="0">
    <system-out><![CDATA[  When requests current weather data for a "London" and "GB"                                                         # apiStepDefinitions.Steps.requests_current_weather_data_for_a_and(java.lang.String,java.lang.String)
]]></system-out>
  </testcase>
  <testcase name="" classname="Authorized user is able to get current weather information with a valid city name and country code" time="0.014">
    <system-out><![CDATA[  Then relevant weather data is retrieved matching the city and country code                                         # apiStepDefinitions.Steps.relevant_weather_data_is_retrieved_matching_the_city_and_country_code()
]]></system-out>
  </testcase>
  <testcase name="User has an API key" classname="Authorized user is able to get current weather information with a valid zip and country code" time="0">
    <system-out><![CDATA[
@WeatherByZipCodeAndCountryCode
Scenario Outline: Authorized user is able to get current weather information with a valid zip and country code # src/test/resources/apiTests/Positive_Tests.feature:41
]]></system-out>
  </testcase>
  <testcase name="requests current weather data for a 560079 and &quot;IN&quot;" classname="Authorized user is able to get current weather information with a valid zip and country code" time="0.451">
    <system-out><![CDATA[  Given User has an API key                                                                                    # apiStepDefinitions.Steps.user_has_an_API_key()
]]></system-out>
  </testcase>
  <testcase name="relevant weather data is retrieved matching the zip and country code" classname="Authorized user is able to get current weather information with a valid zip and country code" time="0">
    <system-out><![CDATA[  When requests current weather data for a 560079 and "IN"                                                     # apiStepDefinitions.Steps.requests_current_weather_data_for_a_and(java.lang.Integer,java.lang.String)
]]></system-out>
  </testcase>
  <testcase name="" classname="Authorized user is able to get current weather information with a valid zip and country code" time="0.024">
    <system-out><![CDATA[  Then relevant weather data is retrieved matching the zip and country code                                    # apiStepDefinitions.Steps.relevant_weather_data_is_retrieved_matching_the_zip_and_country_code()
]]></system-out>
  </testcase>
  <testcase name="User has an API key" classname="Authorized user is able to get current weather information with a valid city ID" time="0">
    <system-out><![CDATA[
@WeatherByCityId
Scenario Outline: Authorized user is able to get current weather information with a valid city ID # src/test/resources/apiTests/Positive_Tests.feature:51
]]></system-out>
  </testcase>
  <testcase name="requests current weather data for a 2172797" classname="Authorized user is able to get current weather information with a valid city ID" time="0.441">
    <system-out><![CDATA[  Given User has an API key                                                                       # apiStepDefinitions.Steps.user_has_an_API_key()
]]></system-out>
  </testcase>
  <testcase name="relevant weather data is retrieved matching the city id" classname="Authorized user is able to get current weather information with a valid city ID" time="0">
    <system-out><![CDATA[  When requests current weather data for a 2172797                                                # apiStepDefinitions.Steps.requests_current_weather_data_for_a(java.lang.Integer)
]]></system-out>
  </testcase>
  <testcase name="" classname="Authorized user is able to get current weather information with a valid city ID" time="0.009">
    <system-out><![CDATA[  Then relevant weather data is retrieved matching the city id                                    # apiStepDefinitions.Steps.relevant_weather_data_is_retrieved_matching_the_city_id()
]]></system-out>
  </testcase>
</testsuite>