<?xml version="1.0" encoding="UTF-8"?>
<testsuite xmlns:xsi="http://www.w3.org/2001/XMLSchema-instance" xsi:noNamespaceSchemaLocation="https://maven.apache.org/surefire/maven-surefire-plugin/xsd/surefire-test-report-3.0.xsd" version="3.0" name="uiRunner.UITestRunner" time="130.459" tests="26" errors="0" skipped="0" failures="0">
  <properties>
[...]
</properties>
  <testcase name="user is on application home page" classname="Customer searches for a product and adds it to basket" time="15.199">
    <system-out><![CDATA[
@UITests
Scenario: Customer searches for a product and adds it to basket                                                                       # src/test/resources/userInterfaceTests/AddProductAndValidate.feature:5
]]></system-out>
    <system-err><![CDATA[SLF4J: Failed to load class "org.slf4j.impl.StaticLoggerBinder".
SLF4J: Defaulting to no-operation (NOP) logger implementation
SLF4J: See http://www.slf4j.org/codes.html#StaticLoggerBinder for further details.
Starting ChromeDriver 91.0.4472.101 (af52a90bf87030dd1523486a1cd3ae25c5d76c9b-refs/branch-heads/4472@{#1462}) on port 63973
Only local connections are allowed.
Please see https://chromedriver.chromium.org/security-considerations for suggestions on keeping ChromeDriver safe.
ChromeDriver was started successfully.
Feb 06, 2022 7:58:19 PM org.openqa.selenium.remote.ProtocolHandshake createSession
INFO: Detected dialect: W3C
Feb 06, 2022 7:58:19 PM org.openqa.selenium.devtools.CdpVersionFinder findNearestMatch
WARNING: Unable to find an exact match for CDP version 91, so returning the closest version found: a no-op implementation
Feb 06, 2022 7:58:19 PM org.openqa.selenium.devtools.CdpVersionFinder findNearestMatch
INFO: Unable to find CDP implementation matching 91.
Feb 06, 2022 7:58:19 PM org.openqa.selenium.chromium.ChromiumDriver lambda$new$3
WARNING: Unable to find version of CDP to use for . You may need to include a dependency on a specific version of the CDP using something similar to `org.seleniumhq.selenium:selenium-devtools-v86:4.0.0` where the version ("v86") matches the version of the chromium-based browser you're using and the version number of the artifact is the same as Selenium's.
]]></system-err>
  </testcase>
  <testcase name="user searches for &quot;Garmin Forerunner 45S Sports Smartwatch (39mm) - Black&quot; and adds to basket" classname="Customer searches for a product and adds it to basket" time="12.574">
    <system-out><![CDATA[  Given user is on application home page                                                                                              # uiStepDefinitions.Steps.userIsOnApplicationHomePage()
]]></system-out>
  </testcase>
  <testcase name="user searches for &quot;Garmin QUICKFIT 22 Black Silicone&quot; and adds to basket" classname="Customer searches for a product and adds it to basket" time="8.844">
    <system-out><![CDATA[  When user searches for "Garmin Forerunner 45S Sports Smartwatch (39mm) - Black" and adds to basket                                  # uiStepDefinitions.Steps.userSearchesForAndAddsToBasket(java.lang.String)
]]></system-out>
  </testcase>
  <testcase name="&quot;Garmin Forerunner 45S Sports Smartwatch (39mm) - Black&quot; and &quot;Garmin QUICKFIT 22 Black Silicone&quot; should be available in basket" classname="Customer searches for a product and adds it to basket" time="1.332">
    <system-out><![CDATA[  And user searches for "Garmin QUICKFIT 22 Black Silicone" and adds to basket                                                        # uiStepDefinitions.Steps.userSearchesForAndAddsToBasket(java.lang.String)
]]></system-out>
  </testcase>
  <testcase name="" classname="Customer searches for a product and adds it to basket" time="1.953">
    <system-out><![CDATA[  Then "Garmin Forerunner 45S Sports Smartwatch (39mm) - Black" and "Garmin QUICKFIT 22 Black Silicone" should be available in basket # uiStepDefinitions.Steps.and_should_be_available_in_basket(java.lang.String,java.lang.String)
]]></system-out>
  </testcase>
  <testcase name="user is on application home page" classname="Create a new user" time="0.542">
    <system-out><![CDATA[
@UITEst
Scenario: Create a new user                                            # src/test/resources/userInterfaceTests/UserRegistration.feature:6
]]></system-out>
  </testcase>
  <testcase name="user click on register link and navigates to registration page" classname="Create a new user" time="10.343">
    <system-out><![CDATA[  Given user is on application home page                               # uiStepDefinitions.Steps.userIsOnApplicationHomePage()
]]></system-out>
  </testcase>
  <testcase name="user fills the following details  and clicks register now button" classname="Create a new user" time="14.492">
    <system-out><![CDATA[  When user click on register link and navigates to registration page  # uiStepDefinitions.Steps.userClickOnRegisterLinkAndNavigatesToRegistrationPage()
]]></system-out>
  </testcase>
  <testcase name="the user should be registered successfully" classname="Create a new user" time="0.235">
    <system-out><![CDATA[  And user fills the following details  and clicks register now button # uiStepDefinitions.Steps.userFillsTheFollowingDetailsAndClicksRegisterNowButton(io.cucumber.datatable.DataTable)
]]></system-out>
  </testcase>
  <testcase name="user logs out of application" classname="Create a new user" time="1.957">
    <system-out><![CDATA[  Then the user should be registered successfully                      # uiStepDefinitions.Steps.theUserShouldBeRegisteredSuccessfully()
]]></system-out>
  </testcase>
  <testcase name="" classname="Create a new user" time="6.101">
    <system-out><![CDATA[  And user logs out of application                                     # uiStepDefinitions.Steps.theUserLogsOutFromTheApplication()
]]></system-out>
  </testcase>
  <testcase name="user is on application home page" classname="Unsuccessful registration when password mismatch" time="0.121">
    <system-out><![CDATA[
@UITEst
Scenario: Unsuccessful registration when password mismatch                                # src/test/resources/userInterfaceTests/UserRegistrationNegativeTests.feature:6
]]></system-out>
  </testcase>
  <testcase name="user click on register link and navigates to registration page" classname="Unsuccessful registration when password mismatch" time="3.861">
    <system-out><![CDATA[  Given user is on application home page                                                  # uiStepDefinitions.Steps.userIsOnApplicationHomePage()
]]></system-out>
  </testcase>
  <testcase name="user fills the following details  and clicks register now button" classname="Unsuccessful registration when password mismatch" time="0.905">
    <system-out><![CDATA[  When user click on register link and navigates to registration page                     # uiStepDefinitions.Steps.userClickOnRegisterLinkAndNavigatesToRegistrationPage()
]]></system-out>
  </testcase>
  <testcase name="user is redirected to registration page with &quot;Passwords don&apos;t match&quot; error message" classname="Unsuccessful registration when password mismatch" time="0.043">
    <system-out><![CDATA[  And user fills the following details  and clicks register now button                    # uiStepDefinitions.Steps.userFillsTheFollowingDetailsAndClicksRegisterNowButton(io.cucumber.datatable.DataTable)
]]></system-out>
  </testcase>
  <testcase name="" classname="Unsuccessful registration when password mismatch" time="0.988">
    <system-out><![CDATA[  Then user is redirected to registration page with "Passwords don't match" error message # uiStepDefinitions.Steps.userIsRedirectedToRegistrationPageWithErrorMessage(java.lang.String)
]]></system-out>
  </testcase>
  <testcase name="user is on application home page" classname="Unsuccessful registration when email mismatch" time="2.322">
    <system-out><![CDATA[
@UITEst
Scenario: Unsuccessful registration when email mismatch                                         # src/test/resources/userInterfaceTests/UserRegistrationNegativeTests.feature:20
]]></system-out>
  </testcase>
  <testcase name="user click on register link and navigates to registration page" classname="Unsuccessful registration when email mismatch" time="4.926">
    <system-out><![CDATA[  Given user is on application home page                                                        # uiStepDefinitions.Steps.userIsOnApplicationHomePage()
]]></system-out>
  </testcase>
  <testcase name="user fills the following details  and clicks register now button" classname="Unsuccessful registration when email mismatch" time="2.561">
    <system-out><![CDATA[  When user click on register link and navigates to registration page                           # uiStepDefinitions.Steps.userClickOnRegisterLinkAndNavigatesToRegistrationPage()
]]></system-out>
  </testcase>
  <testcase name="user is redirected to registration page with &quot;Email addresses don&apos;t match&quot; error message" classname="Unsuccessful registration when email mismatch" time="0.05">
    <system-out><![CDATA[  And user fills the following details  and clicks register now button                          # uiStepDefinitions.Steps.userFillsTheFollowingDetailsAndClicksRegisterNowButton(io.cucumber.datatable.DataTable)
]]></system-out>
  </testcase>
  <testcase name="" classname="Unsuccessful registration when email mismatch" time="0.679">
    <system-out><![CDATA[  Then user is redirected to registration page with "Email addresses don't match" error message # uiStepDefinitions.Steps.userIsRedirectedToRegistrationPageWithErrorMessage(java.lang.String)
]]></system-out>
  </testcase>
  <testcase name="user is on application home page" classname="Unsuccessful registration when mobile number is not specified" time="1.46">
    <system-out><![CDATA[
@UITEst @UITestsEnd
Scenario: Unsuccessful registration when mobile number is not specified                              # src/test/resources/userInterfaceTests/UserRegistrationNegativeTests.feature:35
]]></system-out>
  </testcase>
  <testcase name="user click on register link and navigates to registration page" classname="Unsuccessful registration when mobile number is not specified" time="9.51">
    <system-out><![CDATA[  Given user is on application home page                                                             # uiStepDefinitions.Steps.userIsOnApplicationHomePage()
]]></system-out>
  </testcase>
  <testcase name="user fills the following details  and clicks register now button" classname="Unsuccessful registration when mobile number is not specified" time="0.793">
    <system-out><![CDATA[  When user click on register link and navigates to registration page                                # uiStepDefinitions.Steps.userClickOnRegisterLinkAndNavigatesToRegistrationPage()
]]></system-out>
  </testcase>
  <testcase name="user is redirected to registration page with &quot;No Mobile/Phone Number Specified&quot; error message" classname="Unsuccessful registration when mobile number is not specified" time="0.027">
    <system-out><![CDATA[  And user fills the following details  and clicks register now button                               # uiStepDefinitions.Steps.userFillsTheFollowingDetailsAndClicksRegisterNowButton(io.cucumber.datatable.DataTable)
]]></system-out>
  </testcase>
  <testcase name="" classname="Unsuccessful registration when mobile number is not specified" time="8.221">
    <system-out><![CDATA[  Then user is redirected to registration page with "No Mobile/Phone Number Specified" error message # uiStepDefinitions.Steps.userIsRedirectedToRegistrationPageWithErrorMessage(java.lang.String)
]]></system-out>
  </testcase>
</testsuite>